{"C:\\Assignment\\testcode\\js-interview\\start-state\\src\\orders\\infrastructure\\store.ts": {"path":"C:\\Assignment\\testcode\\js-interview\\start-state\\src\\orders\\infrastructure\\store.ts","statementMap":{"0":{"start":{"line":6,"column":16},"end":{"line":6,"column":29}},"1":{"start":{"line":7,"column":25},"end":{"line":7,"column":70}},"2":{"start":{"line":8,"column":25},"end":{"line":8,"column":76}},"3":{"start":{"line":9,"column":25},"end":{"line":9,"column":64}},"4":{"start":{"line":14,"column":8},"end":{"line":14,"column":26}},"5":{"start":{"line":18,"column":24},"end":{"line":18,"column":43}},"6":{"start":{"line":19,"column":8},"end":{"line":30,"column":null}},"7":{"start":{"line":20,"column":30},"end":{"line":20,"column":58}},"8":{"start":{"line":21,"column":31},"end":{"line":21,"column":53}},"9":{"start":{"line":22,"column":12},"end":{"line":27,"column":null}},"10":{"start":{"line":23,"column":41},"end":{"line":25,"column":17}},"11":{"start":{"line":24,"column":20},"end":{"line":24,"column":61}},"12":{"start":{"line":26,"column":16},"end":{"line":26,"column":56}},"13":{"start":{"line":28,"column":12},"end":{"line":28,"column":35}},"14":{"start":{"line":29,"column":12},"end":{"line":29,"column":44}},"15":{"start":{"line":4,"column":0},"end":{"line":4,"column":13}}},"fnMap":{"0":{"name":"(anonymous_0)","decl":{"start":{"line":5,"column":4},"end":{"line":5,"column":null}},"loc":{"start":{"line":9,"column":64},"end":{"line":11,"column":5}}},"1":{"name":"(anonymous_1)","decl":{"start":{"line":13,"column":4},"end":{"line":13,"column":8}},"loc":{"start":{"line":13,"column":20},"end":{"line":15,"column":5}}},"2":{"name":"(anonymous_2)","decl":{"start":{"line":17,"column":4},"end":{"line":17,"column":18}},"loc":{"start":{"line":17,"column":45},"end":{"line":31,"column":5}}},"3":{"name":"(anonymous_3)","decl":{"start":{"line":23,"column":41},"end":{"line":23,"column":42}},"loc":{"start":{"line":23,"column":78},"end":{"line":25,"column":17}}}},"branchMap":{"0":{"loc":{"start":{"line":19,"column":8},"end":{"line":30,"column":null}},"type":"if","locations":[{"start":{"line":19,"column":8},"end":{"line":30,"column":null}},{"start":{"line":19,"column":8},"end":{"line":30,"column":null}}]},"1":{"loc":{"start":{"line":22,"column":12},"end":{"line":27,"column":null}},"type":"if","locations":[{"start":{"line":22,"column":12},"end":{"line":27,"column":null}},{"start":{"line":22,"column":12},"end":{"line":27,"column":null}}]}},"s":{"0":5,"1":5,"2":5,"3":5,"4":3,"5":2,"6":2,"7":2,"8":2,"9":2,"10":1,"11":0,"12":1,"13":2,"14":2,"15":2},"f":{"0":5,"1":3,"2":2,"3":0},"b":{"0":[2,0],"1":[1,1]}}
,"C:\\Assignment\\testcode\\js-interview\\start-state\\src\\orders\\model\\constants.ts": {"path":"C:\\Assignment\\testcode\\js-interview\\start-state\\src\\orders\\model\\constants.ts","statementMap":{"0":{"start":{"line":1,"column":13},"end":{"line":5,"column":null}}},"fnMap":{},"branchMap":{},"s":{"0":3},"f":{},"b":{}}
,"C:\\Assignment\\testcode\\js-interview\\start-state\\src\\orders\\model\\orderType.ts": {"path":"C:\\Assignment\\testcode\\js-interview\\start-state\\src\\orders\\model\\orderType.ts","statementMap":{"0":{"start":{"line":1,"column":0},"end":{"line":1,"column":null}},"1":{"start":{"line":2,"column":4},"end":{"line":2,"column":null}},"2":{"start":{"line":3,"column":4},"end":{"line":3,"column":null}},"3":{"start":{"line":4,"column":4},"end":{"line":4,"column":null}}},"fnMap":{"0":{"name":"(anonymous_0)","decl":{"start":{"line":1,"column":0},"end":{"line":1,"column":12}},"loc":{"start":{"line":1,"column":19},"end":{"line":5,"column":1}}}},"branchMap":{"0":{"loc":{"start":{"line":1,"column":12},"end":{"line":1,"column":19}},"type":"binary-expr","locations":[{"start":{"line":1,"column":12},"end":{"line":1,"column":19}},{"start":{"line":1,"column":12},"end":{"line":1,"column":null}}]}},"s":{"0":4,"1":4,"2":4,"3":4},"f":{"0":4},"b":{"0":[4,4]}}
,"C:\\Assignment\\testcode\\js-interview\\start-state\\src\\orders\\services\\ordersService.ts": {"path":"C:\\Assignment\\testcode\\js-interview\\start-state\\src\\orders\\services\\ordersService.ts","statementMap":{"0":{"start":{"line":3,"column":8},"end":{"line":8,"column":null}},"1":{"start":{"line":4,"column":39},"end":{"line":4,"column":54}},"2":{"start":{"line":5,"column":16},"end":{"line":5,"column":58}},"3":{"start":{"line":1,"column":0},"end":{"line":1,"column":13}}},"fnMap":{"0":{"name":"(anonymous_0)","decl":{"start":{"line":2,"column":4},"end":{"line":2,"column":8}},"loc":{"start":{"line":2,"column":100},"end":{"line":9,"column":5}}},"1":{"name":"(anonymous_1)","decl":{"start":{"line":3,"column":19},"end":{"line":3,"column":22}},"loc":{"start":{"line":3,"column":24},"end":{"line":6,"column":13}}}},"branchMap":{},"s":{"0":1,"1":0,"2":0,"3":2},"f":{"0":1,"1":0},"b":{}}
,"C:\\Assignment\\testcode\\js-interview\\start-state\\src\\orders\\store\\actionTypes.ts": {"path":"C:\\Assignment\\testcode\\js-interview\\start-state\\src\\orders\\store\\actionTypes.ts","statementMap":{"0":{"start":{"line":1,"column":13},"end":{"line":1,"column":57}},"1":{"start":{"line":2,"column":13},"end":{"line":2,"column":59}},"2":{"start":{"line":3,"column":13},"end":{"line":3,"column":39}},"3":{"start":{"line":4,"column":13},"end":{"line":4,"column":63}}},"fnMap":{},"branchMap":{},"s":{"0":4,"1":4,"2":4,"3":4},"f":{},"b":{}}
,"C:\\Assignment\\testcode\\js-interview\\start-state\\src\\orders\\store\\index.ts": {"path":"C:\\Assignment\\testcode\\js-interview\\start-state\\src\\orders\\store\\index.ts","statementMap":{"0":{"start":{"line":1,"column":0},"end":{"line":1,"column":48}},"1":{"start":{"line":2,"column":0},"end":{"line":2,"column":38}},"2":{"start":{"line":3,"column":0},"end":{"line":3,"column":44}},"3":{"start":{"line":4,"column":0},"end":{"line":4,"column":52}},"4":{"start":{"line":7,"column":13},"end":{"line":23,"column":null}},"5":{"start":{"line":8,"column":32},"end":{"line":13,"column":8}},"6":{"start":{"line":15,"column":18},"end":{"line":19,"column":null}},"7":{"start":{"line":22,"column":4},"end":{"line":22,"column":17}}},"fnMap":{"0":{"name":"(anonymous_0)","decl":{"start":{"line":7,"column":27},"end":{"line":7,"column":28}},"loc":{"start":{"line":7,"column":70},"end":{"line":23,"column":1}}}},"branchMap":{},"s":{"0":2,"1":2,"2":2,"3":2,"4":2,"5":5,"6":5,"7":5},"f":{"0":5},"b":{}}
,"C:\\Assignment\\testcode\\js-interview\\start-state\\src\\orders\\store\\reducers.ts": {"path":"C:\\Assignment\\testcode\\js-interview\\start-state\\src\\orders\\store\\reducers.ts","statementMap":{"0":{"start":{"line":1,"column":0},"end":{"line":1,"column":null}},"1":{"start":{"line":8,"column":0},"end":{"line":8,"column":47}},"2":{"start":{"line":10,"column":13},"end":{"line":43,"column":2}},"3":{"start":{"line":12,"column":8},"end":{"line":12,"column":72}},"4":{"start":{"line":13,"column":8},"end":{"line":15,"column":null}},"5":{"start":{"line":20,"column":8},"end":{"line":20,"column":90}},"6":{"start":{"line":21,"column":8},"end":{"line":23,"column":null}},"7":{"start":{"line":28,"column":8},"end":{"line":28,"column":31}},"8":{"start":{"line":29,"column":8},"end":{"line":31,"column":null}},"9":{"start":{"line":36,"column":8},"end":{"line":36,"column":41}},"10":{"start":{"line":37,"column":8},"end":{"line":40,"column":null}}},"fnMap":{"0":{"name":"(anonymous_0)","decl":{"start":{"line":11,"column":4},"end":{"line":11,"column":5}},"loc":{"start":{"line":11,"column":54},"end":{"line":17,"column":5}}},"1":{"name":"(anonymous_1)","decl":{"start":{"line":19,"column":4},"end":{"line":19,"column":5}},"loc":{"start":{"line":19,"column":62},"end":{"line":25,"column":5}}},"2":{"name":"(anonymous_2)","decl":{"start":{"line":27,"column":4},"end":{"line":27,"column":5}},"loc":{"start":{"line":27,"column":29},"end":{"line":33,"column":5}}},"3":{"name":"(anonymous_3)","decl":{"start":{"line":35,"column":4},"end":{"line":35,"column":5}},"loc":{"start":{"line":35,"column":66},"end":{"line":42,"column":5}}}},"branchMap":{"0":{"loc":{"start":{"line":40,"column":45},"end":{"line":40,"column":70}},"type":"cond-expr","locations":[{"start":{"line":40,"column":45},"end":{"line":40,"column":70}},{"start":{"line":40,"column":73},"end":{"line":40,"column":97}}]}},"s":{"0":3,"1":3,"2":3,"3":3,"4":3,"5":1,"6":1,"7":2,"8":2,"9":2,"10":2},"f":{"0":3,"1":1,"2":2,"3":2},"b":{"0":[1,1]}}
,"C:\\Assignment\\testcode\\js-interview\\start-state\\src\\orders\\store\\sideEffects.ts": {"path":"C:\\Assignment\\testcode\\js-interview\\start-state\\src\\orders\\store\\sideEffects.ts","statementMap":{"0":{"start":{"line":2,"column":0},"end":{"line":2,"column":56}},"1":{"start":{"line":3,"column":0},"end":{"line":3,"column":null}},"2":{"start":{"line":9,"column":22},"end":{"line":9,"column":41}},"3":{"start":{"line":11,"column":13},"end":{"line":18,"column":4}},"4":{"start":{"line":13,"column":37},"end":{"line":13,"column":42}},"5":{"start":{"line":14,"column":6},"end":{"line":16,"column":8}},"6":{"start":{"line":15,"column":8},"end":{"line":15,"column":49}}},"fnMap":{"0":{"name":"(anonymous_0)","decl":{"start":{"line":12,"column":4},"end":{"line":12,"column":5}},"loc":{"start":{"line":12,"column":87},"end":{"line":17,"column":5}}},"1":{"name":"(anonymous_1)","decl":{"start":{"line":14,"column":47},"end":{"line":14,"column":48}},"loc":{"start":{"line":15,"column":8},"end":{"line":15,"column":49}}}},"branchMap":{},"s":{"0":3,"1":3,"2":3,"3":3,"4":3,"5":3,"6":2},"f":{"0":3,"1":2},"b":{}}
,"C:\\Assignment\\testcode\\js-interview\\start-state\\src\\orders\\views\\ordersView.tsx": {"path":"C:\\Assignment\\testcode\\js-interview\\start-state\\src\\orders\\views\\ordersView.tsx","statementMap":{"0":{"start":{"line":1,"column":0},"end":{"line":1,"column":31}},"1":{"start":{"line":2,"column":0},"end":{"line":2,"column":null}},"2":{"start":{"line":8,"column":0},"end":{"line":8,"column":39}},"3":{"start":{"line":9,"column":0},"end":{"line":9,"column":52}},"4":{"start":{"line":10,"column":0},"end":{"line":10,"column":47}},"5":{"start":{"line":18,"column":8},"end":{"line":18,"column":21}},"6":{"start":{"line":26,"column":4},"end":{"line":28,"column":6}},"7":{"start":{"line":27,"column":8},"end":{"line":27,"column":63}},"8":{"start":{"line":30,"column":4},"end":{"line":32,"column":6}},"9":{"start":{"line":31,"column":8},"end":{"line":31,"column":65}},"10":{"start":{"line":34,"column":4},"end":{"line":36,"column":6}},"11":{"start":{"line":35,"column":8},"end":{"line":35,"column":46}},"12":{"start":{"line":20,"column":8},"end":{"line":20,"column":74}},"13":{"start":{"line":20,"column":48},"end":{"line":20,"column":72}},"14":{"start":{"line":23,"column":8},"end":{"line":23,"column":45}},"15":{"start":{"line":39,"column":8},"end":{"line":60,"column":10}},"16":{"start":{"line":43,"column":48},"end":{"line":43,"column":84}},"17":{"start":{"line":46,"column":73},"end":{"line":46,"column":126}},"18":{"start":{"line":48,"column":24},"end":{"line":48,"column":71}},"19":{"start":{"line":55,"column":40},"end":{"line":55,"column":62}},"20":{"start":{"line":14,"column":0},"end":{"line":14,"column":21}}},"fnMap":{"0":{"name":"(anonymous_0)","decl":{"start":{"line":17,"column":4},"end":{"line":17,"column":16}},"loc":{"start":{"line":17,"column":35},"end":{"line":24,"column":5}}},"1":{"name":"(anonymous_1)","decl":{"start":{"line":26,"column":22},"end":{"line":26,"column":23}},"loc":{"start":{"line":26,"column":41},"end":{"line":28,"column":5}}},"2":{"name":"(anonymous_2)","decl":{"start":{"line":30,"column":28},"end":{"line":30,"column":29}},"loc":{"start":{"line":30,"column":49},"end":{"line":32,"column":5}}},"3":{"name":"(anonymous_3)","decl":{"start":{"line":34,"column":22},"end":{"line":34,"column":25}},"loc":{"start":{"line":34,"column":27},"end":{"line":36,"column":5}}},"4":{"name":"(anonymous_4)","decl":{"start":{"line":20,"column":33},"end":{"line":20,"column":34}},"loc":{"start":{"line":20,"column":48},"end":{"line":20,"column":72}}},"5":{"name":"(anonymous_5)","decl":{"start":{"line":38,"column":4},"end":{"line":38,"column":10}},"loc":{"start":{"line":38,"column":10},"end":{"line":61,"column":5}}},"6":{"name":"(anonymous_6)","decl":{"start":{"line":43,"column":41},"end":{"line":43,"column":42}},"loc":{"start":{"line":43,"column":48},"end":{"line":43,"column":84}}},"7":{"name":"(anonymous_7)","decl":{"start":{"line":46,"column":66},"end":{"line":46,"column":67}},"loc":{"start":{"line":46,"column":73},"end":{"line":46,"column":126}}},"8":{"name":"(anonymous_8)","decl":{"start":{"line":47,"column":48},"end":{"line":47,"column":49}},"loc":{"start":{"line":48,"column":24},"end":{"line":48,"column":71}}},"9":{"name":"(anonymous_9)","decl":{"start":{"line":55,"column":33},"end":{"line":55,"column":34}},"loc":{"start":{"line":55,"column":40},"end":{"line":55,"column":62}}}},"branchMap":{"0":{"loc":{"start":{"line":58,"column":46},"end":{"line":58,"column":75}},"type":"cond-expr","locations":[{"start":{"line":58,"column":46},"end":{"line":58,"column":75}},{"start":{"line":58,"column":78},"end":{"line":58,"column":103}}]}},"s":{"0":1,"1":1,"2":1,"3":1,"4":1,"5":2,"6":2,"7":0,"8":2,"9":0,"10":2,"11":1,"12":2,"13":1,"14":2,"15":3,"16":0,"17":0,"18":9,"19":1,"20":1},"f":{"0":2,"1":0,"2":0,"3":1,"4":1,"5":3,"6":0,"7":0,"8":9,"9":1},"b":{"0":[1,2]}}
}
